<?xml version="1.0" encoding="UTF-8"?>
<!-- Generated by org.testng.reporters.JUnitReportReporter -->
<testsuite hostname="DESKTOP-IKEFOJ2" name="test.com.LoginPageTest" tests="2" failures="0" timestamp="2 Mar 2019 22:24:17 GMT" time="0.003" errors="0">
  <testcase name="testPassword" time="0.003" classname="test.com.LoginPageTest"/>
  <testcase name="testUsername" time="0.000" classname="test.com.LoginPageTest"/>
</testsuite> <!-- test.com.LoginPageTest -->
